...
------ Loading Project: Project - ky_fpr ------

Loading project file...
Loading project properties...
Loading project folders and files...
------ Generating Rulebase Model: Project - ky_fpr ------

Initializing rulebase model...
Generating automatic links...
Generating entity relationships...
Generating model rules...
Identifying attribute parameters for event rules...
Adding errors to task list...
Finalizing rulebase model...

Rulebase model generated in 0.1 seconds at 8:28:38 AM on 7/10/2013
----------------------- Done ----------------------


Project loaded in 0.6 seconds at 8:28:38 AM on 7/10/2013
---------------------- Done ----------------------

--------------------------------- Building Module 'ky_fpr' ---------------------------------
----------------------------- Build started: Project - ky_fpr ------------------------------
Output path: C:\Dev\RB\KY_Rulebase\ky_fpr\Development\output.
Compiling: C:\Dev\RB\KY_Rulebase\ky_fpr\Development\Rules\Technical\io_transform.doc...
Compiling: C:\Dev\RB\KY_Rulebase\ky_fpr\Development\Rules\Technical\scenarios.doc...
Compiling: C:\Dev\RB\KY_Rulebase\ky_fpr\Development\Rules\Technical\employer.doc...
Compiling: C:\Dev\RB\KY_Rulebase\ky_fpr\Development\Rules\Technical\fpr_date_validation.doc...
Compiling: C:\Dev\RB\KY_Rulebase\ky_fpr\Development\Rules\Technical\memberships.doc...
Compiling: C:\Dev\RB\KY_Rulebase\ky_fpr\Development\Rules\Technical\fpr_base_dates.doc...
Compiling: C:\Dev\RB\KY_Rulebase\ky_fpr\Development\Rules\Technical\fpr_employment_tables.xls...
Compiling: C:\Dev\RB\KY_Rulebase\ky_fpr\Development\Rules\Technical\infer_exists.doc...
Compiling: C:\Dev\RB\KY_Rulebase\ky_fpr\Development\Rules\Technical\infer_control_doc.xls...
Compiling: C:\Dev\RB\KY_Rulebase\ky_fpr\Development\Rules\Technical\cer_validations.doc...
Compiling: C:\Dev\RB\KY_Rulebase\ky_fpr\Development\Rules\Technical\specialfactors.doc...
Compiling: C:\Dev\RB\KY_Rulebase\ky_fpr\Development\Rules\Policy\fpr_aa_worksearch.doc...
Compiling: C:\Dev\RB\KY_Rulebase\ky_fpr\Development\Rules\Policy\fpr_deductibleincome.doc...
Compiling: C:\Dev\RB\KY_Rulebase\ky_fpr\Development\Rules\Policy\fpr_discharge.doc...
Compiling: C:\Dev\RB\KY_Rulebase\ky_fpr\Development\Rules\Policy\fpr_employment status.doc...
Compiling: C:\Dev\RB\KY_Rulebase\ky_fpr\Development\Rules\Policy\fpr_quit.doc...
Compiling: C:\Dev\RB\KY_Rulebase\ky_fpr\Development\Rules\Policy\fpr_school employee.doc...
Compiling: C:\Dev\RB\KY_Rulebase\ky_fpr\Development\Rules\Policy\fpr_separation table.doc...
Compiling: C:\Dev\RB\KY_Rulebase\ky_fpr\Development\Rules\Policy\fpr_rb_goals.doc...
Compiling: C:\Dev\RB\KY_Rulebase\ky_fpr\Development\Rules\Policy\fpr_msrs.xls...
Compiling: C:\Dev\RB\KY_Rulebase\ky_fpr\Development\Rules\Policy\fpr_default_assumptions.doc...
Compiling: C:\Dev\RB\KY_Rulebase\ky_fpr\Development\Rules\Policy\fpr_separation_category.doc...
Compiling: C:\Dev\RB\KY_Rulebase\ky_fpr\Development\Rules\Policy\fpr_reopen.doc...
Compiling: C:\Dev\RB\KY_Rulebase\ky_fpr\Development\Rules\Policy\Finding\fpr_aa_finding.doc...
Compiling: C:\Dev\RB\KY_Rulebase\ky_fpr\Development\Rules\Policy\Finding\fpr_vq_infer.doc...
Compiling: C:\Dev\RB\KY_Rulebase\ky_fpr\Development\Rules\Policy\Finding\fpr_mc_finding.doc...
Compiling: C:\Dev\RB\KY_Rulebase\ky_fpr\Development\Rules\Policy\Finding\fpr_findings_map2.xls...
Compiling: C:\Dev\RB\KY_Rulebase\ky_fpr\Development\Rules\Policy\Finding\placeholder.doc...
Compiling: C:\Dev\RB\KY_Rulebase\ky_fpr\Development\Rules\Policy\Finding\fpr_ms_infer.doc...
Compiling: C:\Dev\RB\KY_Rulebase\ky_fpr\Development\Rules\Policy\Finding\fpr_se_infer.doc...
Compiling: C:\Dev\RB\KY_Rulebase\ky_fpr\Development\Rules\Policy\Finding\fpr_di_infer.doc...
Compiling: C:\Dev\RB\KY_Rulebase\ky_fpr\Development\Rules\Policy\Finding\fpr_ld_infer.doc...
Compiling: C:\Dev\RB\KY_Rulebase\ky_fpr\Development\Rules\Policy\Finding\IssueType.doc...
------ Generating Rulebase Model: Project - ky_fpr ------

Initializing rulebase model...
Generating automatic links...
Generating entity relationships...
Generating model rules...
Identifying attribute parameters for event rules...
Adding errors to task list...
Finalizing rulebase model...

Rulebase model generated in 0.1 seconds at 8:29:41 AM on 7/10/2013
----------------------- Done ----------------------

Validating logical loops...
Validating multiply proven attributes...
Validating inferred relationships...
Validating inferred entities...
Validating compatibility for Determinations Server deployment...
Validating statement parses...
Writing XML rulebase...
-------------------------------- Adding Module Dependencies --------------------------------

Build completed at 8:29:44 AM on 7/10/2013
Elapsed build time is 66 seconds (including confirmation of dialogs)
------------------------------------------- Done -------------------------------------------
Build successful.
------------------------------- Assembling Module Interface --------------------------------
Generating default interface....
Generating module rules....
--------------------------------- Creating Module Archive ----------------------------------
------------------------------------------- Done -------------------------------------------
Module build succeeded.
---------------------- Done ----------------------

...
------ Loading Project: Project - ky_ui_fc ------

Loading project file...
Loading project properties...
Loading project folders and files...
------ Generating Rulebase Model: Project - ky_ui_fc ------

Initializing rulebase model...
Generating automatic links...
Generating entity relationships...
Generating model rules...
Identifying attribute parameters for event rules...
Adding errors to task list...
Finalizing rulebase model...

Rulebase model generated in 0.1 seconds at 8:29:45 AM on 7/10/2013
----------------------- Done ----------------------


Project loaded in 0.5 seconds at 8:29:45 AM on 7/10/2013
---------------------- Done ----------------------

---------------------------- Build started: Project - ky_ui_fc -----------------------------
Creating directory: C:\Users\John\AppData\Local\Temp\ky_ui_fc
Output path: C:\Dev\RB\KY_Rulebase\ky_ui_fc\Development\output.
Compiling: C:\Dev\RB\KY_Rulebase\ky_ui_fc\Development\Rules\MultiSelectionMaps.doc...
Compiling: C:\Dev\RB\KY_Rulebase\ky_ui_fc\Development\Rules\DischargeMapping.doc...
Compiling: C:\Dev\RB\KY_Rulebase\ky_ui_fc\Development\Rules\MultiFieldValidations.doc...
------ Generating Rulebase Model: Project - ky_ui_fc ------

Initializing rulebase model...
Generating automatic links...
Generating entity relationships...
Generating model rules...
Identifying attribute parameters for event rules...
Adding errors to task list...
Finalizing rulebase model...

Rulebase model generated in 0.1 seconds at 8:29:51 AM on 7/10/2013
----------------------- Done ----------------------

Validating logical loops...
Validating multiply proven attributes...
Validating inferred relationships...
Validating inferred entities...
Validating compatibility for Determinations Server deployment...
Validating statement parses...
Writing XML rulebase...
-------------------------------- Adding Module Dependencies --------------------------------

Build completed at 8:29:54 AM on 7/10/2013
Elapsed build time is 9.4 seconds (including confirmation of dialogs)
------------------------------------------- Done -------------------------------------------
Build successful.
---------------------- Done ----------------------


-------------------------------------------------------------------------------
   ROBOCOPY     ::     Robust File Copy for Windows                              
-------------------------------------------------------------------------------

  Started : Wed Jul 10 08:29:54 2013

   Source : C:\Dev\RB\KY_Rulebase\ky_ui_fc\Development\output\
     Dest : C:\Program Files\Apache Software Foundation\Tomcat 7.0\webapps\siebel-web-determinations\WEB-INF\classes\rulebases\

    Files : *.rmod
	    *.zip
	    
  Options : /TS /COPY:DAT /NP /R:1000000 /W:30 

------------------------------------------------------------------------------

	                   2	C:\Dev\RB\KY_Rulebase\ky_ui_fc\Development\output\
	    Newer     		  198053 2013/07/10 12:29:44	ky_fpr.rmod
	    Newer     		  132374 2013/07/10 12:29:54	ky_ui_fc.zip

------------------------------------------------------------------------------

               Total    Copied   Skipped  Mismatch    FAILED    Extras
    Dirs :         1         0         1         0         0         0
   Files :         2         2         0         0         0         0
   Bytes :   322.6 k   322.6 k         0         0         0         0
   Times :   0:00:00   0:00:00                       0:00:00   0:00:00

   Ended : Wed Jul 10 08:29:54 2013

-------------------------------------------------------------------------------
   ROBOCOPY     ::     Robust File Copy for Windows                              
-------------------------------------------------------------------------------

  Started : Wed Jul 10 08:29:54 2013

   Source : C:\Dev\RB\KY_Rulebase\ky_ui_fc\Development\output\
     Dest : C:\Program Files\Apache Software Foundation\Tomcat 7.0\webapps\web-determinations\WEB-INF\classes\rulebases\

    Files : *.rmod
	    *.zip
	    
  Options : /TS /COPY:DAT /NP /R:1000000 /W:30 

------------------------------------------------------------------------------

	                   2	C:\Dev\RB\KY_Rulebase\ky_ui_fc\Development\output\
	    Newer     		  198053 2013/07/10 12:29:44	ky_fpr.rmod
	    Newer     		  132374 2013/07/10 12:29:54	ky_ui_fc.zip

------------------------------------------------------------------------------

               Total    Copied   Skipped  Mismatch    FAILED    Extras
    Dirs :         1         0         1         0         0         0
   Files :         2         2         0         0         0         0
   Bytes :   322.6 k   322.6 k         0         0         0         0
   Times :   0:00:00   0:00:00                       0:00:00   0:00:00

   Ended : Wed Jul 10 08:29:54 2013
